Analysis & Synthesis report for folder
Sat Jun  3 15:38:05 2017
Quartus II 64-Bit Version 14.1.0 Build 186 12/03/2014 SJ Web Edition


---------------------
; Table of Contents ;
---------------------
  1. Legal Notice
  2. Analysis & Synthesis Summary
  3. Analysis & Synthesis Settings
  4. Parallel Compilation
  5. Analysis & Synthesis Source Files Read
  6. Analysis & Synthesis Resource Usage Summary
  7. Analysis & Synthesis Resource Utilization by Entity
  8. General Register Statistics
  9. Parameter Settings for User Entity Instance: Reg_block:inst2
 10. Parameter Settings for User Entity Instance: Decoder_HW_val:inst54
 11. Parameter Settings for User Entity Instance: Seven_Segmentc:inst67
 12. Parameter Settings for User Entity Instance: Seven_SegmentR:inst24
 13. Parameter Settings for User Entity Instance: Seven_SegmentL:inst23
 14. Post-Synthesis Netlist Statistics for Top Partition
 15. Elapsed Time Per Partition
 16. Analysis & Synthesis Messages



----------------
; Legal Notice ;
----------------
Copyright (C) 1991-2014 Altera Corporation. All rights reserved.
Your use of Altera Corporation's design tools, logic functions 
and other software and tools, and its AMPP partner logic 
functions, and any output files from any of the foregoing 
(including device programming or simulation files), and any 
associated documentation or information are expressly subject 
to the terms and conditions of the Altera Program License 
Subscription Agreement, the Altera Quartus II License Agreement,
the Altera MegaCore Function License Agreement, or other 
applicable license agreement, including, without limitation, 
that your use is for the sole purpose of programming logic 
devices manufactured by Altera and sold by Altera or its 
authorized distributors.  Please refer to the applicable 
agreement for further details.



+------------------------------------------------------------------------------+
; Analysis & Synthesis Summary                                                 ;
+---------------------------------+--------------------------------------------+
; Analysis & Synthesis Status     ; Successful - Sat Jun  3 15:38:05 2017      ;
; Quartus II 64-Bit Version       ; 14.1.0 Build 186 12/03/2014 SJ Web Edition ;
; Revision Name                   ; folder                                     ;
; Top-level Entity Name           ; folder                                     ;
; Family                          ; Cyclone V                                  ;
; Logic utilization (in ALMs)     ; N/A                                        ;
; Total registers                 ; 46                                         ;
; Total pins                      ; 40                                         ;
; Total virtual pins              ; 0                                          ;
; Total block memory bits         ; 0                                          ;
; Total DSP Blocks                ; 0                                          ;
; Total HSSI RX PCSs              ; 0                                          ;
; Total HSSI PMA RX Deserializers ; 0                                          ;
; Total HSSI TX PCSs              ; 0                                          ;
; Total HSSI PMA TX Serializers   ; 0                                          ;
; Total PLLs                      ; 0                                          ;
; Total DLLs                      ; 0                                          ;
+---------------------------------+--------------------------------------------+


+---------------------------------------------------------------------------------------------------------------------------+
; Analysis & Synthesis Settings                                                                                             ;
+---------------------------------------------------------------------------------+--------------------+--------------------+
; Option                                                                          ; Setting            ; Default Value      ;
+---------------------------------------------------------------------------------+--------------------+--------------------+
; Device                                                                          ; 5CSEMA5F31C6       ;                    ;
; Top-level entity name                                                           ; folder             ; folder             ;
; Family name                                                                     ; Cyclone V          ; Cyclone IV GX      ;
; Use smart compilation                                                           ; Off                ; Off                ;
; Enable parallel Assembler and TimeQuest Timing Analyzer during compilation      ; On                 ; On                 ;
; Enable compact report table                                                     ; Off                ; Off                ;
; Restructure Multiplexers                                                        ; Auto               ; Auto               ;
; MLAB Add Timing Constraints For Mixed-Port Feed-Through Mode Setting Don't Care ; Off                ; Off                ;
; Create Debugging Nodes for IP Cores                                             ; Off                ; Off                ;
; Preserve fewer node names                                                       ; On                 ; On                 ;
; Disable OpenCore Plus hardware evaluation                                       ; Off                ; Off                ;
; Verilog Version                                                                 ; Verilog_2001       ; Verilog_2001       ;
; VHDL Version                                                                    ; VHDL_1993          ; VHDL_1993          ;
; State Machine Processing                                                        ; Auto               ; Auto               ;
; Safe State Machine                                                              ; Off                ; Off                ;
; Extract Verilog State Machines                                                  ; On                 ; On                 ;
; Extract VHDL State Machines                                                     ; On                 ; On                 ;
; Ignore Verilog initial constructs                                               ; Off                ; Off                ;
; Iteration limit for constant Verilog loops                                      ; 5000               ; 5000               ;
; Iteration limit for non-constant Verilog loops                                  ; 250                ; 250                ;
; Add Pass-Through Logic to Inferred RAMs                                         ; On                 ; On                 ;
; Infer RAMs from Raw Logic                                                       ; On                 ; On                 ;
; Parallel Synthesis                                                              ; On                 ; On                 ;
; DSP Block Balancing                                                             ; Auto               ; Auto               ;
; NOT Gate Push-Back                                                              ; On                 ; On                 ;
; Power-Up Don't Care                                                             ; On                 ; On                 ;
; Remove Redundant Logic Cells                                                    ; Off                ; Off                ;
; Remove Duplicate Registers                                                      ; On                 ; On                 ;
; Ignore CARRY Buffers                                                            ; Off                ; Off                ;
; Ignore CASCADE Buffers                                                          ; Off                ; Off                ;
; Ignore GLOBAL Buffers                                                           ; Off                ; Off                ;
; Ignore ROW GLOBAL Buffers                                                       ; Off                ; Off                ;
; Ignore LCELL Buffers                                                            ; Off                ; Off                ;
; Ignore SOFT Buffers                                                             ; On                 ; On                 ;
; Limit AHDL Integers to 32 Bits                                                  ; Off                ; Off                ;
; Optimization Technique                                                          ; Balanced           ; Balanced           ;
; Carry Chain Length                                                              ; 70                 ; 70                 ;
; Auto Carry Chains                                                               ; On                 ; On                 ;
; Auto Open-Drain Pins                                                            ; On                 ; On                 ;
; Perform WYSIWYG Primitive Resynthesis                                           ; Off                ; Off                ;
; Auto ROM Replacement                                                            ; On                 ; On                 ;
; Auto RAM Replacement                                                            ; On                 ; On                 ;
; Auto DSP Block Replacement                                                      ; On                 ; On                 ;
; Auto Shift Register Replacement                                                 ; Auto               ; Auto               ;
; Allow Shift Register Merging across Hierarchies                                 ; Auto               ; Auto               ;
; Auto Clock Enable Replacement                                                   ; On                 ; On                 ;
; Strict RAM Replacement                                                          ; Off                ; Off                ;
; Allow Synchronous Control Signals                                               ; On                 ; On                 ;
; Force Use of Synchronous Clear Signals                                          ; Off                ; Off                ;
; Auto Resource Sharing                                                           ; Off                ; Off                ;
; Allow Any RAM Size For Recognition                                              ; Off                ; Off                ;
; Allow Any ROM Size For Recognition                                              ; Off                ; Off                ;
; Allow Any Shift Register Size For Recognition                                   ; Off                ; Off                ;
; Use LogicLock Constraints during Resource Balancing                             ; On                 ; On                 ;
; Ignore translate_off and synthesis_off directives                               ; Off                ; Off                ;
; Timing-Driven Synthesis                                                         ; On                 ; On                 ;
; Report Parameter Settings                                                       ; On                 ; On                 ;
; Report Source Assignments                                                       ; On                 ; On                 ;
; Report Connectivity Checks                                                      ; On                 ; On                 ;
; Ignore Maximum Fan-Out Assignments                                              ; Off                ; Off                ;
; Synchronization Register Chain Length                                           ; 3                  ; 3                  ;
; PowerPlay Power Optimization During Synthesis                                   ; Normal compilation ; Normal compilation ;
; HDL message level                                                               ; Level2             ; Level2             ;
; Suppress Register Optimization Related Messages                                 ; Off                ; Off                ;
; Number of Removed Registers Reported in Synthesis Report                        ; 5000               ; 5000               ;
; Number of Swept Nodes Reported in Synthesis Report                              ; 5000               ; 5000               ;
; Number of Inverted Registers Reported in Synthesis Report                       ; 100                ; 100                ;
; Clock MUX Protection                                                            ; On                 ; On                 ;
; Auto Gated Clock Conversion                                                     ; Off                ; Off                ;
; Block Design Naming                                                             ; Auto               ; Auto               ;
; SDC constraint protection                                                       ; Off                ; Off                ;
; Synthesis Effort                                                                ; Auto               ; Auto               ;
; Shift Register Replacement - Allow Asynchronous Clear Signal                    ; On                 ; On                 ;
; Pre-Mapping Resynthesis Optimization                                            ; Off                ; Off                ;
; Analysis & Synthesis Message Level                                              ; Medium             ; Medium             ;
; Disable Register Merging Across Hierarchies                                     ; Auto               ; Auto               ;
; Resource Aware Inference For Block RAM                                          ; On                 ; On                 ;
; Synthesis Seed                                                                  ; 1                  ; 1                  ;
; Automatic Parallel Synthesis                                                    ; On                 ; On                 ;
; Partial Reconfiguration Bitstream ID                                            ; Off                ; Off                ;
+---------------------------------------------------------------------------------+--------------------+--------------------+


Parallel compilation was disabled, but you have multiple processors available. Enable parallel compilation to reduce compilation time.
+-------------------------------------+
; Parallel Compilation                ;
+----------------------------+--------+
; Processors                 ; Number ;
+----------------------------+--------+
; Number detected on machine ; 4      ;
; Maximum allowed            ; 1      ;
+----------------------------+--------+


+------------------------------------------------------------------------------------------------------------------------------------------------------+
; Analysis & Synthesis Source Files Read                                                                                                               ;
+----------------------------------+-----------------+------------------------------------+--------------------------------------------------+---------+
; File Name with User-Entered Path ; Used in Netlist ; File Type                          ; File Name with Absolute Path                     ; Library ;
+----------------------------------+-----------------+------------------------------------+--------------------------------------------------+---------+
; project/up_counter3.v            ; yes             ; User Verilog HDL File              ; /home/infocom/da/folder/project/up_counter3.v    ;         ;
; project/Seven_Segmentc.v         ; yes             ; User Verilog HDL File              ; /home/infocom/da/folder/project/Seven_Segmentc.v ;         ;
; project/Seven_SegmentL.v         ; yes             ; User Verilog HDL File              ; /home/infocom/da/folder/project/Seven_SegmentL.v ;         ;
; project/Seven_SegmentR.v         ; yes             ; User Verilog HDL File              ; /home/infocom/da/folder/project/Seven_SegmentR.v ;         ;
; project/Decoder_HW.v             ; yes             ; User Verilog HDL File              ; /home/infocom/da/folder/project/Decoder_HW.v     ;         ;
; project/up_counter.v             ; yes             ; User Verilog HDL File              ; /home/infocom/da/folder/project/up_counter.v     ;         ;
; project/Reg_block.v              ; yes             ; User Verilog HDL File              ; /home/infocom/da/folder/project/Reg_block.v      ;         ;
; project/clk_divider.v            ; yes             ; User Verilog HDL File              ; /home/infocom/da/folder/project/clk_divider.v    ;         ;
; project/folder.bdf               ; yes             ; User Block Diagram/Schematic File  ; /home/infocom/da/folder/project/folder.bdf       ;         ;
+----------------------------------+-----------------+------------------------------------+--------------------------------------------------+---------+


+---------------------------------------------------------+
; Analysis & Synthesis Resource Usage Summary             ;
+---------------------------------------------+-----------+
; Resource                                    ; Usage     ;
+---------------------------------------------+-----------+
; Estimate of Logic utilization (ALMs needed) ; 31        ;
;                                             ;           ;
; Combinational ALUT usage for logic          ; 54        ;
;     -- 7 input functions                    ; 0         ;
;     -- 6 input functions                    ; 6         ;
;     -- 5 input functions                    ; 9         ;
;     -- 4 input functions                    ; 2         ;
;     -- <=3 input functions                  ; 37        ;
;                                             ;           ;
; Dedicated logic registers                   ; 46        ;
;                                             ;           ;
; I/O pins                                    ; 40        ;
;                                             ;           ;
; Total DSP Blocks                            ; 0         ;
;                                             ;           ;
; Maximum fan-out node                        ; clk~input ;
; Maximum fan-out                             ; 43        ;
; Total fan-out                               ; 348       ;
; Average fan-out                             ; 1.93      ;
+---------------------------------------------+-----------+


+------------------------------------------------------------------------------------------------------------------------------------------------------------------+
; Analysis & Synthesis Resource Utilization by Entity                                                                                                              ;
+----------------------------+-------------------+--------------+-------------------+------------+------+--------------+----------------------------+--------------+
; Compilation Hierarchy Node ; LC Combinationals ; LC Registers ; Block Memory Bits ; DSP Blocks ; Pins ; Virtual Pins ; Full Hierarchy Name        ; Library Name ;
+----------------------------+-------------------+--------------+-------------------+------------+------+--------------+----------------------------+--------------+
; |folder                    ; 54 (12)           ; 46 (0)       ; 0                 ; 0          ; 40   ; 0            ; |folder                    ; work         ;
;    |Reg_block:inst2|       ; 0 (0)             ; 8 (8)        ; 0                 ; 0          ; 0    ; 0            ; |folder|Reg_block:inst2    ; work         ;
;    |clk_divider:inst|      ; 31 (31)           ; 27 (27)      ; 0                 ; 0          ; 0    ; 0            ; |folder|clk_divider:inst   ; work         ;
;    |up_counter3:inst55|    ; 3 (3)             ; 3 (3)        ; 0                 ; 0          ; 0    ; 0            ; |folder|up_counter3:inst55 ; work         ;
;    |up_counter:inst4|      ; 8 (8)             ; 8 (8)        ; 0                 ; 0          ; 0    ; 0            ; |folder|up_counter:inst4   ; work         ;
+----------------------------+-------------------+--------------+-------------------+------------+------+--------------+----------------------------+--------------+
Note: For table entries with two numbers listed, the numbers in parentheses indicate the number of resources of the given type used by the specific entity alone. The numbers listed outside of parentheses indicate the total resources of the given type used by the specific entity and all of its sub-entities in the hierarchy.


+------------------------------------------------------+
; General Register Statistics                          ;
+----------------------------------------------+-------+
; Statistic                                    ; Value ;
+----------------------------------------------+-------+
; Total registers                              ; 46    ;
; Number of registers using Synchronous Clear  ; 26    ;
; Number of registers using Synchronous Load   ; 0     ;
; Number of registers using Asynchronous Clear ; 0     ;
; Number of registers using Asynchronous Load  ; 0     ;
; Number of registers using Clock Enable       ; 8     ;
; Number of registers using Preset             ; 0     ;
+----------------------------------------------+-------+


+--------------------------------------------------------------+
; Parameter Settings for User Entity Instance: Reg_block:inst2 ;
+----------------+-------+-------------------------------------+
; Parameter Name ; Value ; Type                                ;
+----------------+-------+-------------------------------------+
; N              ; 8     ; Signed Integer                      ;
+----------------+-------+-------------------------------------+
Note: In order to hide this table in the UI and the text report file, please set the "Show Parameter Settings in Synthesis Report" option in "Analysis and Synthesis Settings -> More Settings" to "Off".


+--------------------------------------------------------------------+
; Parameter Settings for User Entity Instance: Decoder_HW_val:inst54 ;
+----------------+-------+-------------------------------------------+
; Parameter Name ; Value ; Type                                      ;
+----------------+-------+-------------------------------------------+
; bit            ; 3     ; Signed Integer                            ;
; output_bit     ; 8     ; Signed Integer                            ;
+----------------+-------+-------------------------------------------+
Note: In order to hide this table in the UI and the text report file, please set the "Show Parameter Settings in Synthesis Report" option in "Analysis and Synthesis Settings -> More Settings" to "Off".


+--------------------------------------------------------------------+
; Parameter Settings for User Entity Instance: Seven_Segmentc:inst67 ;
+----------------+-------+-------------------------------------------+
; Parameter Name ; Value ; Type                                      ;
+----------------+-------+-------------------------------------------+
; output_bit     ; 7     ; Signed Integer                            ;
+----------------+-------+-------------------------------------------+
Note: In order to hide this table in the UI and the text report file, please set the "Show Parameter Settings in Synthesis Report" option in "Analysis and Synthesis Settings -> More Settings" to "Off".


+--------------------------------------------------------------------+
; Parameter Settings for User Entity Instance: Seven_SegmentR:inst24 ;
+----------------+-------+-------------------------------------------+
; Parameter Name ; Value ; Type                                      ;
+----------------+-------+-------------------------------------------+
; output_bit     ; 7     ; Signed Integer                            ;
+----------------+-------+-------------------------------------------+
Note: In order to hide this table in the UI and the text report file, please set the "Show Parameter Settings in Synthesis Report" option in "Analysis and Synthesis Settings -> More Settings" to "Off".


+--------------------------------------------------------------------+
; Parameter Settings for User Entity Instance: Seven_SegmentL:inst23 ;
+----------------+-------+-------------------------------------------+
; Parameter Name ; Value ; Type                                      ;
+----------------+-------+-------------------------------------------+
; output_bit     ; 7     ; Signed Integer                            ;
+----------------+-------+-------------------------------------------+
Note: In order to hide this table in the UI and the text report file, please set the "Show Parameter Settings in Synthesis Report" option in "Analysis and Synthesis Settings -> More Settings" to "Off".


+-----------------------------------------------------+
; Post-Synthesis Netlist Statistics for Top Partition ;
+-----------------------+-----------------------------+
; Type                  ; Count                       ;
+-----------------------+-----------------------------+
; arriav_ff             ; 46                          ;
;     ENA               ; 8                           ;
;     SCLR              ; 26                          ;
;     plain             ; 12                          ;
; arriav_lcell_comb     ; 56                          ;
;     arith             ; 33                          ;
;         1 data inputs ; 32                          ;
;         2 data inputs ; 1                           ;
;     normal            ; 23                          ;
;         0 data inputs ; 1                           ;
;         1 data inputs ; 3                           ;
;         2 data inputs ; 1                           ;
;         3 data inputs ; 1                           ;
;         4 data inputs ; 2                           ;
;         5 data inputs ; 9                           ;
;         6 data inputs ; 6                           ;
; boundary_port         ; 40                          ;
;                       ;                             ;
; Max LUT depth         ; 3.50                        ;
; Average LUT depth     ; 2.27                        ;
+-----------------------+-----------------------------+


+-------------------------------+
; Elapsed Time Per Partition    ;
+----------------+--------------+
; Partition Name ; Elapsed Time ;
+----------------+--------------+
; Top            ; 00:00:00     ;
+----------------+--------------+


+-------------------------------+
; Analysis & Synthesis Messages ;
+-------------------------------+
Info: *******************************************************************
Info: Running Quartus II 64-Bit Analysis & Synthesis
    Info: Version 14.1.0 Build 186 12/03/2014 SJ Web Edition
    Info: Processing started: Sat Jun  3 15:37:56 2017
Info: Command: quartus_map --read_settings_files=on --write_settings_files=off folder -c folder
Warning (20028): Parallel compilation is not licensed and has been disabled
Info (12021): Found 1 design units, including 1 entities, in source file project/up_counter3.v
    Info (12023): Found entity 1: up_counter3
Info (12021): Found 1 design units, including 1 entities, in source file project/ud_counter_block.v
    Info (12023): Found entity 1: ud_counter_block
Info (12021): Found 1 design units, including 1 entities, in source file project/Seven_Segmentc.v
    Info (12023): Found entity 1: Seven_Segmentc
Info (12021): Found 1 design units, including 1 entities, in source file project/Seven_SegmentL.v
    Info (12023): Found entity 1: Seven_SegmentL
Info (12021): Found 1 design units, including 1 entities, in source file project/Seven_SegmentR.v
    Info (12023): Found entity 1: Seven_SegmentR
Warning (10463): Verilog HDL Declaration warning at Decoder_HW.v(3): "bit" is SystemVerilog-2005 keyword
Info (12021): Found 1 design units, including 1 entities, in source file project/Decoder_HW.v
    Info (12023): Found entity 1: Decoder_HW_val
Info (12021): Found 1 design units, including 1 entities, in source file project/up_counter.v
    Info (12023): Found entity 1: up_counter
Info (12021): Found 1 design units, including 1 entities, in source file project/Reg_block.v
    Info (12023): Found entity 1: Reg_block
Info (12021): Found 1 design units, including 1 entities, in source file project/clk_divider.v
    Info (12023): Found entity 1: clk_divider
Info (12021): Found 1 design units, including 1 entities, in source file project/folder.bdf
    Info (12023): Found entity 1: folder
Info (12021): Found 1 design units, including 1 entities, in source file project/t_flipflop.v
    Info (12023): Found entity 1: t_flipflop
Info (12021): Found 1 design units, including 1 entities, in source file folder_tb.v
    Info (12023): Found entity 1: folder_tb
Info (12127): Elaborating entity "folder" for the top level hierarchy
Info (12128): Elaborating entity "Reg_block" for hierarchy "Reg_block:inst2"
Info (12128): Elaborating entity "up_counter" for hierarchy "up_counter:inst4"
Warning (10230): Verilog HDL assignment warning at up_counter.v(10): truncated value with size 32 to match size of target (8)
Info (12128): Elaborating entity "Decoder_HW_val" for hierarchy "Decoder_HW_val:inst54"
Info (12128): Elaborating entity "up_counter3" for hierarchy "up_counter3:inst55"
Warning (10230): Verilog HDL assignment warning at up_counter3.v(11): truncated value with size 32 to match size of target (3)
Info (12128): Elaborating entity "clk_divider" for hierarchy "clk_divider:inst"
Info (12128): Elaborating entity "Seven_Segmentc" for hierarchy "Seven_Segmentc:inst67"
Info (12128): Elaborating entity "Seven_SegmentR" for hierarchy "Seven_SegmentR:inst24"
Info (12128): Elaborating entity "Seven_SegmentL" for hierarchy "Seven_SegmentL:inst23"
Warning (13024): Output pins are stuck at VCC or GND
    Warning (13410): Pin "oneseg[6]" is stuck at VCC
    Warning (13410): Pin "oneseg[2]" is stuck at VCC
    Warning (13410): Pin "oneseg[1]" is stuck at VCC
    Warning (13410): Pin "threeseg[3]" is stuck at VCC
    Warning (13410): Pin "twoseg[6]" is stuck at VCC
    Warning (13410): Pin "twoseg[2]" is stuck at VCC
    Warning (13410): Pin "twoseg[1]" is stuck at VCC
    Warning (13410): Pin "twoseg[0]" is stuck at VCC
Info (286030): Timing-Driven Synthesis is running
Info (16010): Generating hard_block partition "hard_block:auto_generated_inst"
    Info (16011): Adding 0 node(s), including 0 DDIO, 0 PLL, 0 transceiver and 0 LCELL
Info (21057): Implemented 103 device resources after synthesis - the final resource count might be different
    Info (21058): Implemented 11 input pins
    Info (21059): Implemented 29 output pins
    Info (21061): Implemented 63 logic cells
Info: Quartus II 64-Bit Analysis & Synthesis was successful. 0 errors, 13 warnings
    Info: Peak virtual memory: 979 megabytes
    Info: Processing ended: Sat Jun  3 15:38:05 2017
    Info: Elapsed time: 00:00:09
    Info: Total CPU time (on all processors): 00:00:20


